<?xml version="1.0" encoding="UTF-8"?>
<testsuite xmlns:xsi="http://www.w3.org/2001/XMLSchema-instance" xsi:noNamespaceSchemaLocation="https://maven.apache.org/surefire/maven-surefire-plugin/xsd/surefire-test-report-3.0.xsd" version="3.0" name="TestSuite" time="14.295" tests="6" errors="0" skipped="0" failures="4">
  <properties>
[...]
</properties>
  <testcase name="runScenario[&quot;Verify home page loads successfully&quot;, &quot;Home Page&quot;](1)" classname="runners.SmokeTestRunner" time="1.119">
    <system-out><![CDATA[11:24:26.673 [main] INFO  io.github.bonigarcia.wdm.WebDriverManager - Using chromedriver 138.0.7204.183 (resolved driver for Chrome 138)
11:24:26.692 [main] INFO  io.github.bonigarcia.wdm.WebDriverManager - Exporting webdriver.chrome.driver as C:\Users\hapon\.cache\selenium\chromedriver\win64\138.0.7204.183\chromedriver.exe
11:24:27.577 [main] INFO  runners.TestRunner - === Test Suite Started ===

@smoke
Scenario: Verify home page loads successfully # src/test/java/features/home/home_page.feature:7
11:24:28.157 [main] INFO  io.github.bonigarcia.wdm.WebDriverManager - Using chromedriver 138.0.7204.183 (resolved driver for Chrome 138)
11:24:28.160 [main] INFO  io.github.bonigarcia.wdm.WebDriverManager - Exporting webdriver.chrome.driver as C:\Users\hapon\.cache\selenium\chromedriver\win64\138.0.7204.183\chromedriver.exe
11:24:28.666 [main] INFO  utils.LoggerUtil - Initialized HomePage
11:24:28.667 [main] INFO  utils.LoggerUtil - Navigating to home page: https://www.demoblaze.com/
11:24:29.143 [main] INFO  utils.LoggerUtil - Navigated to home page: https://www.demoblaze.com/
  Given I am on the home page                 # stepDefinitions.HomePageSteps.i_am_on_the_home_page()
11:24:29.164 [main] INFO  utils.LoggerUtil - Verifying home page elements are displayed
  Then I should see the home page elements    # stepDefinitions.HomePageSteps.i_should_see_the_home_page_elements()
]]></system-out>
    <system-err><![CDATA[Aug 05, 2025 11:24:27 AM org.openqa.selenium.devtools.CdpVersionFinder findNearestMatch
WARNING: Unable to find CDP implementation matching 138
Aug 05, 2025 11:24:27 AM org.openqa.selenium.chromium.ChromiumDriver lambda$new$5
WARNING: Unable to find version of CDP to use for 138.0.7204.184. You may need to include a dependency on a specific version of the CDP using something similar to `org.seleniumhq.selenium:selenium-devtools-v86:4.15.0` where the version ("v86") matches the version of the chromium-based browser you're using and the version number of the artifact is the same as Selenium's.
Aug 05, 2025 11:24:28 AM org.openqa.selenium.devtools.CdpVersionFinder findNearestMatch
WARNING: Unable to find CDP implementation matching 138
Aug 05, 2025 11:24:28 AM org.openqa.selenium.chromium.ChromiumDriver lambda$new$5
WARNING: Unable to find version of CDP to use for 138.0.7204.184. You may need to include a dependency on a specific version of the CDP using something similar to `org.seleniumhq.selenium:selenium-devtools-v86:4.15.0` where the version ("v86") matches the version of the chromium-based browser you're using and the version number of the artifact is the same as Selenium's.
]]></system-err>
  </testcase>
  <testcase name="runScenario[&quot;Navigate to Phones category and select a product&quot;, &quot;Home Page&quot;](2)" classname="runners.SmokeTestRunner" time="1.104">
    <failure message="no such element: Unable to locate element: {&quot;method&quot;:&quot;xpath&quot;,&quot;selector&quot;:&quot;//a[normalize-space()=&apos;Samsung galaxy s6&apos;]&quot;}&#10;  (Session info: chrome=138.0.7204.184)&#10;For documentation on this error, please visit: https://www.selenium.dev/documentation/webdriver/troubleshooting/errors#no-such-element-exception&#10;Build info: version: &apos;4.15.0&apos;, revision: &apos;1d14b5521b&apos;&#10;System info: os.name: &apos;Windows 11&apos;, os.arch: &apos;amd64&apos;, os.version: &apos;10.0&apos;, java.version: &apos;17.0.15&apos;&#10;Driver info: org.openqa.selenium.chrome.ChromeDriver&#10;Command: [661121c0b687e83fe7b057cbe314395d, findElement {using=xpath, value=//a[normalize-space()=&apos;Samsung galaxy s6&apos;]}]&#10;Capabilities {acceptInsecureCerts: false, browserName: chrome, browserVersion: 138.0.7204.184, chrome: {chromedriverVersion: 138.0.7204.183 (e90faf484dd..., userDataDir: C:\Users\hapon\AppData\Loca...}, fedcm:accounts: true, goog:chromeOptions: {debuggerAddress: localhost:53754}, networkConnectionEnabled: false, pageLoadStrategy: normal, platformName: windows, proxy: Proxy(), se:cdp: ws://localhost:53754/devtoo..., se:cdpVersion: 138.0.7204.184, setWindowRect: true, strictFileInteractability: false, timeouts: {implicit: 0, pageLoad: 300000, script: 30000}, unhandledPromptBehavior: dismiss and notify, webauthn:extension:credBlob: true, webauthn:extension:largeBlob: true, webauthn:extension:minPinLength: true, webauthn:extension:prf: true, webauthn:virtualAuthenticators: true}&#10;Session ID: 661121c0b687e83fe7b057cbe314395d" type="org.openqa.selenium.NoSuchElementException"><![CDATA[org.openqa.selenium.NoSuchElementException: 
no such element: Unable to locate element: {"method":"xpath","selector":"//a[normalize-space()='Samsung galaxy s6']"}
  (Session info: chrome=138.0.7204.184)
For documentation on this error, please visit: https://www.selenium.dev/documentation/webdriver/troubleshooting/errors#no-such-element-exception
Build info: version: '4.15.0', revision: '1d14b5521b'
System info: os.name: 'Windows 11', os.arch: 'amd64', os.version: '10.0', java.version: '17.0.15'
Driver info: org.openqa.selenium.chrome.ChromeDriver
Command: [661121c0b687e83fe7b057cbe314395d, findElement {using=xpath, value=//a[normalize-space()='Samsung galaxy s6']}]
Capabilities {acceptInsecureCerts: false, browserName: chrome, browserVersion: 138.0.7204.184, chrome: {chromedriverVersion: 138.0.7204.183 (e90faf484dd..., userDataDir: C:\Users\hapon\AppData\Loca...}, fedcm:accounts: true, goog:chromeOptions: {debuggerAddress: localhost:53754}, networkConnectionEnabled: false, pageLoadStrategy: normal, platformName: windows, proxy: Proxy(), se:cdp: ws://localhost:53754/devtoo..., se:cdpVersion: 138.0.7204.184, setWindowRect: true, strictFileInteractability: false, timeouts: {implicit: 0, pageLoad: 300000, script: 30000}, unhandledPromptBehavior: dismiss and notify, webauthn:extension:credBlob: true, webauthn:extension:largeBlob: true, webauthn:extension:minPinLength: true, webauthn:extension:prf: true, webauthn:virtualAuthenticators: true}
Session ID: 661121c0b687e83fe7b057cbe314395d
	at java.base/jdk.internal.reflect.NativeConstructorAccessorImpl.newInstance0(Native Method)
	at java.base/jdk.internal.reflect.NativeConstructorAccessorImpl.newInstance(NativeConstructorAccessorImpl.java:77)
	at java.base/jdk.internal.reflect.DelegatingConstructorAccessorImpl.newInstance(DelegatingConstructorAccessorImpl.java:45)
	at java.base/java.lang.reflect.Constructor.newInstanceWithCaller(Constructor.java:499)
	at java.base/java.lang.reflect.Constructor.newInstance(Constructor.java:480)
	at org.openqa.selenium.remote.codec.w3c.W3CHttpResponseCodec.createException(W3CHttpResponseCodec.java:200)
	at org.openqa.selenium.remote.codec.w3c.W3CHttpResponseCodec.decode(W3CHttpResponseCodec.java:133)
	at org.openqa.selenium.remote.codec.w3c.W3CHttpResponseCodec.decode(W3CHttpResponseCodec.java:52)
	at org.openqa.selenium.remote.HttpCommandExecutor.execute(HttpCommandExecutor.java:191)
	at org.openqa.selenium.remote.service.DriverCommandExecutor.invokeExecute(DriverCommandExecutor.java:200)
	at org.openqa.selenium.remote.service.DriverCommandExecutor.execute(DriverCommandExecutor.java:175)
	at org.openqa.selenium.remote.RemoteWebDriver.execute(RemoteWebDriver.java:607)
	at org.openqa.selenium.remote.ElementLocation$ElementFinder$2.findElement(ElementLocation.java:165)
	at org.openqa.selenium.remote.ElementLocation.findElement(ElementLocation.java:59)
	at org.openqa.selenium.remote.RemoteWebDriver.findElement(RemoteWebDriver.java:364)
	at org.openqa.selenium.remote.RemoteWebDriver.findElement(RemoteWebDriver.java:358)
	at pages.HomePage.selectProduct(HomePage.java:107)
	at stepDefinitions.HomePageSteps.i_select_the_product(HomePageSteps.java:51)
	at ✽.I select the product "SAMSUNG_GALAXY_S6"(file:///C:/Users/hapon/IdeaProjects/Automation%20framework/src/test/java/features/home/home_page.feature:15)
]]></failure>
    <system-out><![CDATA[
@smoke
Scenario: Navigate to Phones category and select a product # src/test/java/features/home/home_page.feature:12
11:24:29.201 [main] INFO  io.github.bonigarcia.wdm.WebDriverManager - Using chromedriver 138.0.7204.183 (resolved driver for Chrome 138)
11:24:29.204 [main] INFO  io.github.bonigarcia.wdm.WebDriverManager - Exporting webdriver.chrome.driver as C:\Users\hapon\.cache\selenium\chromedriver\win64\138.0.7204.183\chromedriver.exe
11:24:29.735 [main] INFO  utils.LoggerUtil - Initialized HomePage
11:24:29.735 [main] INFO  utils.LoggerUtil - Navigating to home page: https://www.demoblaze.com/
11:24:30.170 [main] INFO  utils.LoggerUtil - Navigated to home page: https://www.demoblaze.com/
  Given I am on the home page                              # stepDefinitions.HomePageSteps.i_am_on_the_home_page()
11:24:30.198 [main] INFO  utils.LoggerUtil - Selecting category: Phones
  When I select the "Phones" category                      # stepDefinitions.HomePageSteps.i_select_the_category(java.lang.String)
11:24:30.264 [main] INFO  utils.LoggerUtil - Selecting product: Samsung galaxy s6
  And I select the product "SAMSUNG_GALAXY_S6"             # stepDefinitions.HomePageSteps.i_select_the_product(java.lang.String)
      org.openqa.selenium.NoSuchElementException: no such element: Unable to locate element: {"method":"xpath","selector":"//a[normalize-space()='Samsung galaxy s6']"}
  (Session info: chrome=138.0.7204.184)
For documentation on this error, please visit: https://www.selenium.dev/documentation/webdriver/troubleshooting/errors#no-such-element-exception
Build info: version: '4.15.0', revision: '1d14b5521b'
System info: os.name: 'Windows 11', os.arch: 'amd64', os.version: '10.0', java.version: '17.0.15'
Driver info: org.openqa.selenium.chrome.ChromeDriver
Command: [661121c0b687e83fe7b057cbe314395d, findElement {using=xpath, value=//a[normalize-space()='Samsung galaxy s6']}]
Capabilities {acceptInsecureCerts: false, browserName: chrome, browserVersion: 138.0.7204.184, chrome: {chromedriverVersion: 138.0.7204.183 (e90faf484dd..., userDataDir: C:\Users\hapon\AppData\Loca...}, fedcm:accounts: true, goog:chromeOptions: {debuggerAddress: localhost:53754}, networkConnectionEnabled: false, pageLoadStrategy: normal, platformName: windows, proxy: Proxy(), se:cdp: ws://localhost:53754/devtoo..., se:cdpVersion: 138.0.7204.184, setWindowRect: true, strictFileInteractability: false, timeouts: {implicit: 0, pageLoad: 300000, script: 30000}, unhandledPromptBehavior: dismiss and notify, webauthn:extension:credBlob: true, webauthn:extension:largeBlob: true, webauthn:extension:minPinLength: true, webauthn:extension:prf: true, webauthn:virtualAuthenticators: true}
Session ID: 661121c0b687e83fe7b057cbe314395d
	at java.base/jdk.internal.reflect.NativeConstructorAccessorImpl.newInstance0(Native Method)
	at java.base/jdk.internal.reflect.NativeConstructorAccessorImpl.newInstance(NativeConstructorAccessorImpl.java:77)
	at java.base/jdk.internal.reflect.DelegatingConstructorAccessorImpl.newInstance(DelegatingConstructorAccessorImpl.java:45)
	at java.base/java.lang.reflect.Constructor.newInstanceWithCaller(Constructor.java:499)
	at java.base/java.lang.reflect.Constructor.newInstance(Constructor.java:480)
	at org.openqa.selenium.remote.codec.w3c.W3CHttpResponseCodec.createException(W3CHttpResponseCodec.java:200)
	at org.openqa.selenium.remote.codec.w3c.W3CHttpResponseCodec.decode(W3CHttpResponseCodec.java:133)
	at org.openqa.selenium.remote.codec.w3c.W3CHttpResponseCodec.decode(W3CHttpResponseCodec.java:52)
	at org.openqa.selenium.remote.HttpCommandExecutor.execute(HttpCommandExecutor.java:191)
	at org.openqa.selenium.remote.service.DriverCommandExecutor.invokeExecute(DriverCommandExecutor.java:200)
	at org.openqa.selenium.remote.service.DriverCommandExecutor.execute(DriverCommandExecutor.java:175)
	at org.openqa.selenium.remote.RemoteWebDriver.execute(RemoteWebDriver.java:607)
	at org.openqa.selenium.remote.ElementLocation$ElementFinder$2.findElement(ElementLocation.java:165)
	at org.openqa.selenium.remote.ElementLocation.findElement(ElementLocation.java:59)
	at org.openqa.selenium.remote.RemoteWebDriver.findElement(RemoteWebDriver.java:364)
	at org.openqa.selenium.remote.RemoteWebDriver.findElement(RemoteWebDriver.java:358)
	at pages.HomePage.selectProduct(HomePage.java:107)
	at stepDefinitions.HomePageSteps.i_select_the_product(HomePageSteps.java:51)
	at âœ½.I select the product "SAMSUNG_GALAXY_S6"(file:///C:/Users/hapon/IdeaProjects/Automation%20framework/src/test/java/features/home/home_page.feature:15)

  Then I should see products in the Phones category
]]></system-out>
    <system-err><![CDATA[Aug 05, 2025 11:24:29 AM org.openqa.selenium.devtools.CdpVersionFinder findNearestMatch
WARNING: Unable to find CDP implementation matching 138
Aug 05, 2025 11:24:29 AM org.openqa.selenium.chromium.ChromiumDriver lambda$new$5
WARNING: Unable to find version of CDP to use for 138.0.7204.184. You may need to include a dependency on a specific version of the CDP using something similar to `org.seleniumhq.selenium:selenium-devtools-v86:4.15.0` where the version ("v86") matches the version of the chromium-based browser you're using and the version number of the artifact is the same as Selenium's.
]]></system-err>
  </testcase>
  <testcase name="runScenario[&quot;Search for a product&quot;, &quot;Home Page&quot;](3)" classname="runners.SmokeTestRunner" time="4.659">
    <failure message="&apos;void utils.LoggerUtil.error(java.lang.String, java.lang.Object[])&apos;" type="java.lang.NoSuchMethodError"><![CDATA[java.lang.NoSuchMethodError: 'void utils.LoggerUtil.error(java.lang.String, java.lang.Object[])'
	at pages.HomePage.enterText(HomePage.java:146)
	at pages.HomePage.searchFor(HomePage.java:88)
	at stepDefinitions.HomePageSteps.i_search_for(HomePageSteps.java:65)
	at ✽.I search for "laptop"(file:///C:/Users/hapon/IdeaProjects/Automation%20framework/src/test/java/features/home/home_page.feature:21)
]]></failure>
    <system-out><![CDATA[
@smoke
Scenario: Search for a product                         # src/test/java/features/home/home_page.feature:19
11:24:30.289 [main] INFO  io.github.bonigarcia.wdm.WebDriverManager - Using chromedriver 138.0.7204.183 (resolved driver for Chrome 138)
11:24:30.293 [main] INFO  io.github.bonigarcia.wdm.WebDriverManager - Exporting webdriver.chrome.driver as C:\Users\hapon\.cache\selenium\chromedriver\win64\138.0.7204.183\chromedriver.exe
11:24:30.884 [main] INFO  utils.LoggerUtil - Initialized HomePage
11:24:30.884 [main] INFO  utils.LoggerUtil - Navigating to home page: https://www.demoblaze.com/
11:24:31.319 [main] INFO  utils.LoggerUtil - Navigated to home page: https://www.demoblaze.com/
  Given I am on the home page                          # stepDefinitions.HomePageSteps.i_am_on_the_home_page()
11:24:31.348 [main] INFO  utils.LoggerUtil - Searching for: laptop
11:24:31.348 [main] INFO  utils.LoggerUtil - Searching for: laptop
  When I search for "laptop"                           # stepDefinitions.HomePageSteps.i_search_for(java.lang.String)
      java.lang.NoSuchMethodError: 'void utils.LoggerUtil.error(java.lang.String, java.lang.Object[])'
	at pages.HomePage.enterText(HomePage.java:146)
	at pages.HomePage.searchFor(HomePage.java:88)
	at stepDefinitions.HomePageSteps.i_search_for(HomePageSteps.java:65)
	at âœ½.I search for "laptop"(file:///C:/Users/hapon/IdeaProjects/Automation%20framework/src/test/java/features/home/home_page.feature:21)

  Then I should see search results containing "laptop" # stepDefinitions.HomePageSteps.i_should_see_search_results_containing(java.lang.String)
]]></system-out>
    <system-err><![CDATA[Aug 05, 2025 11:24:30 AM org.openqa.selenium.devtools.CdpVersionFinder findNearestMatch
WARNING: Unable to find CDP implementation matching 138
Aug 05, 2025 11:24:30 AM org.openqa.selenium.chromium.ChromiumDriver lambda$new$5
WARNING: Unable to find version of CDP to use for 138.0.7204.184. You may need to include a dependency on a specific version of the CDP using something similar to `org.seleniumhq.selenium:selenium-devtools-v86:4.15.0` where the version ("v86") matches the version of the chromium-based browser you're using and the version number of the artifact is the same as Selenium's.
]]></system-err>
  </testcase>
  <testcase name="runScenario[&quot;Verify home page loads successfully&quot;, &quot;Home Page&quot;](1)" classname="runners.TestRunner" time="0.941">
    <system-out><![CDATA[
@smoke
Scenario: Verify home page loads successfully # src/test/java/features/home/home_page.feature:7
11:24:34.986 [main] INFO  io.github.bonigarcia.wdm.WebDriverManager - Using chromedriver 138.0.7204.183 (resolved driver for Chrome 138)
11:24:34.989 [main] INFO  io.github.bonigarcia.wdm.WebDriverManager - Exporting webdriver.chrome.driver as C:\Users\hapon\.cache\selenium\chromedriver\win64\138.0.7204.183\chromedriver.exe
11:24:35.495 [main] INFO  utils.LoggerUtil - Initialized HomePage
11:24:35.495 [main] INFO  utils.LoggerUtil - Navigating to home page: https://www.demoblaze.com/
11:24:35.897 [main] INFO  utils.LoggerUtil - Navigated to home page: https://www.demoblaze.com/
  Given I am on the home page                 # stepDefinitions.HomePageSteps.i_am_on_the_home_page()
11:24:35.911 [main] INFO  utils.LoggerUtil - Verifying home page elements are displayed
  Then I should see the home page elements    # stepDefinitions.HomePageSteps.i_should_see_the_home_page_elements()
]]></system-out>
    <system-err><![CDATA[Aug 05, 2025 11:24:35 AM org.openqa.selenium.devtools.CdpVersionFinder findNearestMatch
WARNING: Unable to find CDP implementation matching 138
Aug 05, 2025 11:24:35 AM org.openqa.selenium.chromium.ChromiumDriver lambda$new$5
WARNING: Unable to find version of CDP to use for 138.0.7204.184. You may need to include a dependency on a specific version of the CDP using something similar to `org.seleniumhq.selenium:selenium-devtools-v86:4.15.0` where the version ("v86") matches the version of the chromium-based browser you're using and the version number of the artifact is the same as Selenium's.
]]></system-err>
  </testcase>
  <testcase name="runScenario[&quot;Navigate to Phones category and select a product&quot;, &quot;Home Page&quot;](2)" classname="runners.TestRunner" time="1.188">
    <failure message="no such element: Unable to locate element: {&quot;method&quot;:&quot;xpath&quot;,&quot;selector&quot;:&quot;//a[normalize-space()=&apos;Samsung galaxy s6&apos;]&quot;}&#10;  (Session info: chrome=138.0.7204.184)&#10;For documentation on this error, please visit: https://www.selenium.dev/documentation/webdriver/troubleshooting/errors#no-such-element-exception&#10;Build info: version: &apos;4.15.0&apos;, revision: &apos;1d14b5521b&apos;&#10;System info: os.name: &apos;Windows 11&apos;, os.arch: &apos;amd64&apos;, os.version: &apos;10.0&apos;, java.version: &apos;17.0.15&apos;&#10;Driver info: org.openqa.selenium.chrome.ChromeDriver&#10;Command: [84ea681dcbda4082a0d5286475870739, findElement {using=xpath, value=//a[normalize-space()=&apos;Samsung galaxy s6&apos;]}]&#10;Capabilities {acceptInsecureCerts: false, browserName: chrome, browserVersion: 138.0.7204.184, chrome: {chromedriverVersion: 138.0.7204.183 (e90faf484dd..., userDataDir: C:\Users\hapon\AppData\Loca...}, fedcm:accounts: true, goog:chromeOptions: {debuggerAddress: localhost:53826}, networkConnectionEnabled: false, pageLoadStrategy: normal, platformName: windows, proxy: Proxy(), se:cdp: ws://localhost:53826/devtoo..., se:cdpVersion: 138.0.7204.184, setWindowRect: true, strictFileInteractability: false, timeouts: {implicit: 0, pageLoad: 300000, script: 30000}, unhandledPromptBehavior: dismiss and notify, webauthn:extension:credBlob: true, webauthn:extension:largeBlob: true, webauthn:extension:minPinLength: true, webauthn:extension:prf: true, webauthn:virtualAuthenticators: true}&#10;Session ID: 84ea681dcbda4082a0d5286475870739" type="org.openqa.selenium.NoSuchElementException"><![CDATA[org.openqa.selenium.NoSuchElementException: 
no such element: Unable to locate element: {"method":"xpath","selector":"//a[normalize-space()='Samsung galaxy s6']"}
  (Session info: chrome=138.0.7204.184)
For documentation on this error, please visit: https://www.selenium.dev/documentation/webdriver/troubleshooting/errors#no-such-element-exception
Build info: version: '4.15.0', revision: '1d14b5521b'
System info: os.name: 'Windows 11', os.arch: 'amd64', os.version: '10.0', java.version: '17.0.15'
Driver info: org.openqa.selenium.chrome.ChromeDriver
Command: [84ea681dcbda4082a0d5286475870739, findElement {using=xpath, value=//a[normalize-space()='Samsung galaxy s6']}]
Capabilities {acceptInsecureCerts: false, browserName: chrome, browserVersion: 138.0.7204.184, chrome: {chromedriverVersion: 138.0.7204.183 (e90faf484dd..., userDataDir: C:\Users\hapon\AppData\Loca...}, fedcm:accounts: true, goog:chromeOptions: {debuggerAddress: localhost:53826}, networkConnectionEnabled: false, pageLoadStrategy: normal, platformName: windows, proxy: Proxy(), se:cdp: ws://localhost:53826/devtoo..., se:cdpVersion: 138.0.7204.184, setWindowRect: true, strictFileInteractability: false, timeouts: {implicit: 0, pageLoad: 300000, script: 30000}, unhandledPromptBehavior: dismiss and notify, webauthn:extension:credBlob: true, webauthn:extension:largeBlob: true, webauthn:extension:minPinLength: true, webauthn:extension:prf: true, webauthn:virtualAuthenticators: true}
Session ID: 84ea681dcbda4082a0d5286475870739
	at java.base/jdk.internal.reflect.NativeConstructorAccessorImpl.newInstance0(Native Method)
	at java.base/jdk.internal.reflect.NativeConstructorAccessorImpl.newInstance(NativeConstructorAccessorImpl.java:77)
	at java.base/jdk.internal.reflect.DelegatingConstructorAccessorImpl.newInstance(DelegatingConstructorAccessorImpl.java:45)
	at java.base/java.lang.reflect.Constructor.newInstanceWithCaller(Constructor.java:499)
	at java.base/java.lang.reflect.Constructor.newInstance(Constructor.java:480)
	at org.openqa.selenium.remote.codec.w3c.W3CHttpResponseCodec.createException(W3CHttpResponseCodec.java:200)
	at org.openqa.selenium.remote.codec.w3c.W3CHttpResponseCodec.decode(W3CHttpResponseCodec.java:133)
	at org.openqa.selenium.remote.codec.w3c.W3CHttpResponseCodec.decode(W3CHttpResponseCodec.java:52)
	at org.openqa.selenium.remote.HttpCommandExecutor.execute(HttpCommandExecutor.java:191)
	at org.openqa.selenium.remote.service.DriverCommandExecutor.invokeExecute(DriverCommandExecutor.java:200)
	at org.openqa.selenium.remote.service.DriverCommandExecutor.execute(DriverCommandExecutor.java:175)
	at org.openqa.selenium.remote.RemoteWebDriver.execute(RemoteWebDriver.java:607)
	at org.openqa.selenium.remote.ElementLocation$ElementFinder$2.findElement(ElementLocation.java:165)
	at org.openqa.selenium.remote.ElementLocation.findElement(ElementLocation.java:59)
	at org.openqa.selenium.remote.RemoteWebDriver.findElement(RemoteWebDriver.java:364)
	at org.openqa.selenium.remote.RemoteWebDriver.findElement(RemoteWebDriver.java:358)
	at pages.HomePage.selectProduct(HomePage.java:107)
	at stepDefinitions.HomePageSteps.i_select_the_product(HomePageSteps.java:51)
	at ✽.I select the product "SAMSUNG_GALAXY_S6"(file:///C:/Users/hapon/IdeaProjects/Automation%20framework/src/test/java/features/home/home_page.feature:15)
]]></failure>
    <system-out><![CDATA[
@smoke
Scenario: Navigate to Phones category and select a product # src/test/java/features/home/home_page.feature:12
11:24:35.926 [main] INFO  io.github.bonigarcia.wdm.WebDriverManager - Using chromedriver 138.0.7204.183 (resolved driver for Chrome 138)
11:24:35.929 [main] INFO  io.github.bonigarcia.wdm.WebDriverManager - Exporting webdriver.chrome.driver as C:\Users\hapon\.cache\selenium\chromedriver\win64\138.0.7204.183\chromedriver.exe
11:24:36.503 [main] INFO  utils.LoggerUtil - Initialized HomePage
11:24:36.503 [main] INFO  utils.LoggerUtil - Navigating to home page: https://www.demoblaze.com/
11:24:37.020 [main] INFO  utils.LoggerUtil - Navigated to home page: https://www.demoblaze.com/
  Given I am on the home page                              # stepDefinitions.HomePageSteps.i_am_on_the_home_page()
11:24:37.037 [main] INFO  utils.LoggerUtil - Selecting category: Phones
  When I select the "Phones" category                      # stepDefinitions.HomePageSteps.i_select_the_category(java.lang.String)
11:24:37.092 [main] INFO  utils.LoggerUtil - Selecting product: Samsung galaxy s6
  And I select the product "SAMSUNG_GALAXY_S6"             # stepDefinitions.HomePageSteps.i_select_the_product(java.lang.String)
      org.openqa.selenium.NoSuchElementException: no such element: Unable to locate element: {"method":"xpath","selector":"//a[normalize-space()='Samsung galaxy s6']"}
  (Session info: chrome=138.0.7204.184)
For documentation on this error, please visit: https://www.selenium.dev/documentation/webdriver/troubleshooting/errors#no-such-element-exception
Build info: version: '4.15.0', revision: '1d14b5521b'
System info: os.name: 'Windows 11', os.arch: 'amd64', os.version: '10.0', java.version: '17.0.15'
Driver info: org.openqa.selenium.chrome.ChromeDriver
Command: [84ea681dcbda4082a0d5286475870739, findElement {using=xpath, value=//a[normalize-space()='Samsung galaxy s6']}]
Capabilities {acceptInsecureCerts: false, browserName: chrome, browserVersion: 138.0.7204.184, chrome: {chromedriverVersion: 138.0.7204.183 (e90faf484dd..., userDataDir: C:\Users\hapon\AppData\Loca...}, fedcm:accounts: true, goog:chromeOptions: {debuggerAddress: localhost:53826}, networkConnectionEnabled: false, pageLoadStrategy: normal, platformName: windows, proxy: Proxy(), se:cdp: ws://localhost:53826/devtoo..., se:cdpVersion: 138.0.7204.184, setWindowRect: true, strictFileInteractability: false, timeouts: {implicit: 0, pageLoad: 300000, script: 30000}, unhandledPromptBehavior: dismiss and notify, webauthn:extension:credBlob: true, webauthn:extension:largeBlob: true, webauthn:extension:minPinLength: true, webauthn:extension:prf: true, webauthn:virtualAuthenticators: true}
Session ID: 84ea681dcbda4082a0d5286475870739
	at java.base/jdk.internal.reflect.NativeConstructorAccessorImpl.newInstance0(Native Method)
	at java.base/jdk.internal.reflect.NativeConstructorAccessorImpl.newInstance(NativeConstructorAccessorImpl.java:77)
	at java.base/jdk.internal.reflect.DelegatingConstructorAccessorImpl.newInstance(DelegatingConstructorAccessorImpl.java:45)
	at java.base/java.lang.reflect.Constructor.newInstanceWithCaller(Constructor.java:499)
	at java.base/java.lang.reflect.Constructor.newInstance(Constructor.java:480)
	at org.openqa.selenium.remote.codec.w3c.W3CHttpResponseCodec.createException(W3CHttpResponseCodec.java:200)
	at org.openqa.selenium.remote.codec.w3c.W3CHttpResponseCodec.decode(W3CHttpResponseCodec.java:133)
	at org.openqa.selenium.remote.codec.w3c.W3CHttpResponseCodec.decode(W3CHttpResponseCodec.java:52)
	at org.openqa.selenium.remote.HttpCommandExecutor.execute(HttpCommandExecutor.java:191)
	at org.openqa.selenium.remote.service.DriverCommandExecutor.invokeExecute(DriverCommandExecutor.java:200)
	at org.openqa.selenium.remote.service.DriverCommandExecutor.execute(DriverCommandExecutor.java:175)
	at org.openqa.selenium.remote.RemoteWebDriver.execute(RemoteWebDriver.java:607)
	at org.openqa.selenium.remote.ElementLocation$ElementFinder$2.findElement(ElementLocation.java:165)
	at org.openqa.selenium.remote.ElementLocation.findElement(ElementLocation.java:59)
	at org.openqa.selenium.remote.RemoteWebDriver.findElement(RemoteWebDriver.java:364)
	at org.openqa.selenium.remote.RemoteWebDriver.findElement(RemoteWebDriver.java:358)
	at pages.HomePage.selectProduct(HomePage.java:107)
	at stepDefinitions.HomePageSteps.i_select_the_product(HomePageSteps.java:51)
	at âœ½.I select the product "SAMSUNG_GALAXY_S6"(file:///C:/Users/hapon/IdeaProjects/Automation%20framework/src/test/java/features/home/home_page.feature:15)

  Then I should see products in the Phones category
]]></system-out>
    <system-err><![CDATA[Aug 05, 2025 11:24:36 AM org.openqa.selenium.devtools.CdpVersionFinder findNearestMatch
WARNING: Unable to find CDP implementation matching 138
Aug 05, 2025 11:24:36 AM org.openqa.selenium.chromium.ChromiumDriver lambda$new$5
WARNING: Unable to find version of CDP to use for 138.0.7204.184. You may need to include a dependency on a specific version of the CDP using something similar to `org.seleniumhq.selenium:selenium-devtools-v86:4.15.0` where the version ("v86") matches the version of the chromium-based browser you're using and the version number of the artifact is the same as Selenium's.
]]></system-err>
  </testcase>
  <testcase name="runScenario[&quot;Search for a product&quot;, &quot;Home Page&quot;](3)" classname="runners.TestRunner" time="2.589">
    <failure message="&apos;void utils.LoggerUtil.error(java.lang.String, java.lang.Object[])&apos;" type="java.lang.NoSuchMethodError"><![CDATA[java.lang.NoSuchMethodError: 'void utils.LoggerUtil.error(java.lang.String, java.lang.Object[])'
	at pages.HomePage.enterText(HomePage.java:146)
	at pages.HomePage.searchFor(HomePage.java:88)
	at stepDefinitions.HomePageSteps.i_search_for(HomePageSteps.java:65)
	at ✽.I search for "laptop"(file:///C:/Users/hapon/IdeaProjects/Automation%20framework/src/test/java/features/home/home_page.feature:21)
]]></failure>
    <system-out><![CDATA[
@smoke
Scenario: Search for a product                         # src/test/java/features/home/home_page.feature:19
11:24:37.116 [main] INFO  io.github.bonigarcia.wdm.WebDriverManager - Using chromedriver 138.0.7204.183 (resolved driver for Chrome 138)
11:24:37.120 [main] INFO  io.github.bonigarcia.wdm.WebDriverManager - Exporting webdriver.chrome.driver as C:\Users\hapon\.cache\selenium\chromedriver\win64\138.0.7204.183\chromedriver.exe
11:24:37.722 [main] INFO  utils.LoggerUtil - Initialized HomePage
11:24:37.722 [main] INFO  utils.LoggerUtil - Navigating to home page: https://www.demoblaze.com/
11:24:37.872 [main] INFO  utils.LoggerUtil - Navigated to home page: https://www.demoblaze.com/
  Given I am on the home page                          # stepDefinitions.HomePageSteps.i_am_on_the_home_page()
11:24:38.140 [main] INFO  utils.LoggerUtil - Searching for: laptop
11:24:38.140 [main] INFO  utils.LoggerUtil - Searching for: laptop
  When I search for "laptop"                           # stepDefinitions.HomePageSteps.i_search_for(java.lang.String)
      java.lang.NoSuchMethodError: 'void utils.LoggerUtil.error(java.lang.String, java.lang.Object[])'
	at pages.HomePage.enterText(HomePage.java:146)
	at pages.HomePage.searchFor(HomePage.java:88)
	at stepDefinitions.HomePageSteps.i_search_for(HomePageSteps.java:65)
	at âœ½.I search for "laptop"(file:///C:/Users/hapon/IdeaProjects/Automation%20framework/src/test/java/features/home/home_page.feature:21)

  Then I should see search results containing "laptop" # stepDefinitions.HomePageSteps.i_should_see_search_results_containing(java.lang.String)
]]></system-out>
    <system-err><![CDATA[Aug 05, 2025 11:24:37 AM org.openqa.selenium.devtools.CdpVersionFinder findNearestMatch
WARNING: Unable to find CDP implementation matching 138
Aug 05, 2025 11:24:37 AM org.openqa.selenium.chromium.ChromiumDriver lambda$new$5
WARNING: Unable to find version of CDP to use for 138.0.7204.184. You may need to include a dependency on a specific version of the CDP using something similar to `org.seleniumhq.selenium:selenium-devtools-v86:4.15.0` where the version ("v86") matches the version of the chromium-based browser you're using and the version number of the artifact is the same as Selenium's.
]]></system-err>
  </testcase>
</testsuite>